<?xml version="1.0" encoding="UTF-8"?>
<!-- Generated by org.testng.reporters.JUnitXMLReporter -->
<testsuite ignored="5" hostname="Sanket" failures="0" tests="8" name="Test" time="175.34" errors="0" timestamp="2022-08-07T16:10:59 IST">
  <testcase classname="TestCases.IndexPageTest" name="verifyLogo" time="0.358"/>
  <testcase classname="TestCases.IndexPageTest" name="verifyTitle" time="0.009"/>
  <testcase classname="TestCases.LoginPageTest" name="loginTest" time="15.093"/>
  <testcase classname="TestCases.HomePageTest" name="verifyOrderHistory" time="6.171"/>
  <testcase classname="TestCases.HomePageTest" name="verifyWishList" time="8.629"/>
  <testcase classname="TestCases.AccountCreationPageTest" name="verifyAccountCreationPage" time="6.438"/>
  <testcase classname="TestCases.SearchResultPageTest" name="verifyProductIsAvailable" time="4.29"/>
  <testcase classname="TestCases.AddToCartPageTest" name="verifyaddToCart" time="10.869"/>
  <testcase classname="base.BaseClass" name="@BeforeTest loadConfig" time="0.0">
    <ignored/>
  </testcase> <!-- @BeforeTest loadConfig -->
  <testcase classname="base.BaseClass" name="@BeforeTest loadConfig" time="0.0">
    <ignored/>
  </testcase> <!-- @BeforeTest loadConfig -->
  <testcase classname="base.BaseClass" name="@BeforeTest loadConfig" time="0.0">
    <ignored/>
  </testcase> <!-- @BeforeTest loadConfig -->
  <testcase classname="base.BaseClass" name="@BeforeTest loadConfig" time="0.0">
    <ignored/>
  </testcase> <!-- @BeforeTest loadConfig -->
  <testcase classname="base.BaseClass" name="@BeforeTest loadConfig" time="0.0">
    <ignored/>
  </testcase> <!-- @BeforeTest loadConfig -->
</testsuite> <!-- Test -->
